2015-12-11 08:46:03 [main] [INFO] o.s.web.context.ContextLoader - Root WebApplicationContext: initialization started 
2015-12-11 08:46:03 [main] [INFO] o.s.w.c.s.XmlWebApplicationContext - Refreshing Root WebApplicationContext: startup date [Fri Dec 11 08:46:03 PHT 2015]; root of context hierarchy 
2015-12-11 08:46:04 [main] [INFO] o.s.b.f.xml.XmlBeanDefinitionReader - Loading XML bean definitions from ServletContext resource [/WEB-INF/spring-servlet.xml] 
2015-12-11 08:46:04 [main] [INFO] o.s.b.f.xml.XmlBeanDefinitionReader - Loading XML bean definitions from class path resource [webapp.xml] 
2015-12-11 08:46:05 [main] [INFO] o.s.b.f.xml.XmlBeanDefinitionReader - Loading XML bean definitions from class path resource [service.xml] 
2015-12-11 08:46:05 [main] [INFO] o.s.b.f.xml.XmlBeanDefinitionReader - Loading XML bean definitions from class path resource [hibernate.xml] 
2015-12-11 08:46:05 [main] [INFO] o.s.b.f.a.AutowiredAnnotationBeanPostProcessor - JSR-330 'javax.inject.Inject' annotation found and supported for autowiring 
2015-12-11 08:46:06 [main] [INFO] o.h.annotations.common.Version - HCANN000001: Hibernate Commons Annotations {4.0.5.Final} 
2015-12-11 08:46:06 [main] [INFO] org.hibernate.Version - HHH000412: Hibernate Core {4.3.10.Final} 
2015-12-11 08:46:06 [main] [INFO] org.hibernate.cfg.Environment - HHH000206: hibernate.properties not found 
2015-12-11 08:46:06 [main] [INFO] org.hibernate.cfg.Environment - HHH000021: Bytecode provider name : javassist 
2015-12-11 08:46:06 [main] [INFO] org.hibernate.cfg.Configuration - HHH000044: Configuring from URL: jar:file:/home/admin/.m2/repository/ecp/spring/infra/persistence/1.0-SNAPSHOT/persistence-1.0-SNAPSHOT.jar!/hibernate.cfg.xml 
2015-12-11 08:46:06 [main] [INFO] org.hibernate.cfg.Configuration - HHH000041: Configured SessionFactory: null 
2015-12-11 08:46:07 [main] [INFO] org.hibernate.dialect.Dialect - HHH000400: Using dialect: org.hibernate.dialect.PostgreSQLDialect 
2015-12-11 08:46:07 [main] [INFO] o.h.e.j.internal.LobCreatorBuilder - HHH000424: Disabling contextual LOB creation as createClob() method threw error : java.lang.reflect.InvocationTargetException 
2015-12-11 08:46:08 [main] [INFO] o.h.e.t.i.TransactionFactoryInitiator - HHH000399: Using default transaction strategy (direct JDBC transactions) 
2015-12-11 08:46:08 [main] [INFO] o.h.h.i.a.ASTQueryTranslatorFactory - HHH000397: Using ASTQueryTranslatorFactory 
2015-12-11 08:46:08 [main] [INFO] o.h.cache.spi.UpdateTimestampsCache - HHH000250: Starting update timestamps cache at region: org.hibernate.cache.spi.UpdateTimestampsCache 
2015-12-11 08:46:08 [main] [INFO] o.h.c.internal.StandardQueryCache - HHH000248: Starting query cache at region: org.hibernate.cache.internal.StandardQueryCache 
2015-12-11 08:46:09 [main] [INFO] o.s.w.s.m.m.a.RequestMappingHandlerMapping - Mapped "{[/person/add],methods=[GET]}" onto public java.lang.String ecp.spring.web.PersonController.addPersonGet(org.springframework.ui.ModelMap) 
2015-12-11 08:46:09 [main] [INFO] o.s.w.s.m.m.a.RequestMappingHandlerMapping - Mapped "{[/person/add],methods=[POST]}" onto public java.lang.String ecp.spring.web.PersonController.addPersonPost(org.springframework.ui.ModelMap,ecp.spring.model.Person,org.springframework.validation.BindingResult,java.lang.String[],java.lang.String[],java.lang.String[]) 
2015-12-11 08:46:09 [main] [INFO] o.s.w.s.m.m.a.RequestMappingHandlerMapping - Mapped "{[/],methods=[GET]}" onto public java.lang.String ecp.spring.web.PersonController.showIndex(org.springframework.ui.ModelMap) 
2015-12-11 08:46:09 [main] [INFO] o.s.w.s.m.m.a.RequestMappingHandlerMapping - Mapped "{[/],produces=[application/json]}" onto public java.util.List ecp.spring.web.PersonController.personlist(java.lang.Integer,java.lang.Integer,java.lang.String) 
2015-12-11 08:46:09 [main] [INFO] o.s.w.s.m.m.a.RequestMappingHandlerMapping - Mapped "{[/person/{id}],methods=[GET]}" onto public ecp.spring.model.Person ecp.spring.web.PersonController.getPersonJSON(int) 
2015-12-11 08:46:09 [main] [INFO] o.s.w.s.m.m.a.RequestMappingHandlerMapping - Mapped "{[/person/edit/{id}],methods=[GET]}" onto public java.lang.String ecp.spring.web.PersonController.editPersonGet(org.springframework.ui.ModelMap,int) 
2015-12-11 08:46:09 [main] [INFO] o.s.w.s.m.m.a.RequestMappingHandlerMapping - Mapped "{[/person/edit/{id}],methods=[POST]}" onto public java.lang.String ecp.spring.web.PersonController.editPersonPost(org.springframework.ui.ModelMap,ecp.spring.model.Person,org.springframework.validation.BindingResult,java.lang.String[],java.lang.String[],java.lang.String[]) 
2015-12-11 08:46:09 [main] [INFO] o.s.w.s.m.m.a.RequestMappingHandlerMapping - Mapped "{[/],methods=[POST]}" onto public java.lang.String ecp.spring.web.PersonController.deletePerson(int) 
2015-12-11 08:46:09 [main] [INFO] o.s.w.s.m.m.a.RequestMappingHandlerMapping - Mapped "{[/person/upload],methods=[GET]}" onto public java.lang.String ecp.spring.web.PersonController.uploadFileGet() 
2015-12-11 08:46:09 [main] [INFO] o.s.w.s.m.m.a.RequestMappingHandlerMapping - Mapped "{[/person/upload],methods=[POST]}" onto public java.lang.String ecp.spring.web.PersonController.uploadFilePost(org.springframework.ui.ModelMap,org.springframework.web.multipart.MultipartFile) 
2015-12-11 08:46:09 [main] [INFO] o.s.w.s.m.m.a.RequestMappingHandlerMapping - Mapped "{[/role/add],methods=[GET]}" onto public java.lang.String ecp.spring.web.RoleController.addRoleGet(org.springframework.ui.ModelMap) 
2015-12-11 08:46:09 [main] [INFO] o.s.w.s.m.m.a.RequestMappingHandlerMapping - Mapped "{[/role/add],methods=[POST]}" onto public java.lang.String ecp.spring.web.RoleController.addRolePost(ecp.spring.model.Role) 
2015-12-11 08:46:09 [main] [INFO] o.s.w.s.m.m.a.RequestMappingHandlerMapping - Mapped "{[/role],methods=[POST]}" onto public java.lang.String ecp.spring.web.RoleController.deleteRole(java.lang.Integer) 
2015-12-11 08:46:09 [main] [INFO] o.s.w.s.m.m.a.RequestMappingHandlerMapping - Mapped "{[/role/edit/{id}],methods=[GET]}" onto public java.lang.String ecp.spring.web.RoleController.editRoleGet(org.springframework.ui.Model,int) 
2015-12-11 08:46:09 [main] [INFO] o.s.w.s.m.m.a.RequestMappingHandlerMapping - Mapped "{[/role/edit/{id}],methods=[POST]}" onto public java.lang.String ecp.spring.web.RoleController.editRolePost(org.springframework.ui.Model,ecp.spring.model.Role) 
2015-12-11 08:46:09 [main] [INFO] o.s.w.s.m.m.a.RequestMappingHandlerMapping - Mapped "{[/role]}" onto public java.lang.String ecp.spring.web.RoleController.roleIndex(org.springframework.ui.Model) 
2015-12-11 08:46:09 [main] [INFO] o.s.w.s.m.m.a.RequestMappingHandlerMapping - Mapped "{[/role],produces=[application/json]}" onto public java.util.List ecp.spring.web.RoleController.roleListSort(java.lang.Integer,java.lang.String) 
2015-12-11 08:46:10 [main] [INFO] o.s.w.s.m.m.a.RequestMappingHandlerAdapter - Looking for @ControllerAdvice: Root WebApplicationContext: startup date [Fri Dec 11 08:46:03 PHT 2015]; root of context hierarchy 
2015-12-11 08:46:11 [main] [INFO] o.s.w.s.m.m.a.RequestMappingHandlerAdapter - Looking for @ControllerAdvice: Root WebApplicationContext: startup date [Fri Dec 11 08:46:03 PHT 2015]; root of context hierarchy 
2015-12-11 08:46:11 [main] [INFO] o.s.o.h.HibernateTransactionManager - Using DataSource [org.apache.commons.dbcp.BasicDataSource@14a45ca] of Hibernate SessionFactory for HibernateTransactionManager 
2015-12-11 08:46:11 [main] [INFO] o.s.w.s.h.SimpleUrlHandlerMapping - Mapped URL path [/resources/**] onto handler 'org.springframework.web.servlet.resource.ResourceHttpRequestHandler#0' 
2015-12-11 08:46:11 [main] [INFO] o.s.web.context.ContextLoader - Root WebApplicationContext: initialization completed in 7802 ms 
2015-12-11 08:46:11 [main] [INFO] o.s.web.servlet.DispatcherServlet - FrameworkServlet 'spring': initialization started 
2015-12-11 08:46:11 [main] [INFO] o.s.w.c.s.XmlWebApplicationContext - Refreshing WebApplicationContext for namespace 'spring-servlet': startup date [Fri Dec 11 08:46:11 PHT 2015]; parent: Root WebApplicationContext 
2015-12-11 08:46:11 [main] [INFO] o.s.b.f.xml.XmlBeanDefinitionReader - Loading XML bean definitions from ServletContext resource [/WEB-INF/spring-servlet.xml] 
2015-12-11 08:46:11 [main] [INFO] o.s.b.f.xml.XmlBeanDefinitionReader - Loading XML bean definitions from class path resource [webapp.xml] 
2015-12-11 08:46:11 [main] [INFO] o.s.b.f.xml.XmlBeanDefinitionReader - Loading XML bean definitions from class path resource [service.xml] 
2015-12-11 08:46:12 [main] [INFO] o.s.b.f.xml.XmlBeanDefinitionReader - Loading XML bean definitions from class path resource [hibernate.xml] 
2015-12-11 08:46:12 [main] [INFO] o.s.b.f.a.AutowiredAnnotationBeanPostProcessor - JSR-330 'javax.inject.Inject' annotation found and supported for autowiring 
2015-12-11 08:46:12 [main] [INFO] org.hibernate.cfg.Configuration - HHH000044: Configuring from URL: jar:file:/home/admin/.m2/repository/ecp/spring/infra/persistence/1.0-SNAPSHOT/persistence-1.0-SNAPSHOT.jar!/hibernate.cfg.xml 
2015-12-11 08:46:12 [main] [INFO] org.hibernate.cfg.Configuration - HHH000041: Configured SessionFactory: null 
2015-12-11 08:46:12 [main] [INFO] org.hibernate.dialect.Dialect - HHH000400: Using dialect: org.hibernate.dialect.PostgreSQLDialect 
2015-12-11 08:46:12 [main] [INFO] o.h.e.j.internal.LobCreatorBuilder - HHH000424: Disabling contextual LOB creation as createClob() method threw error : java.lang.reflect.InvocationTargetException 
2015-12-11 08:46:12 [main] [INFO] o.h.e.t.i.TransactionFactoryInitiator - HHH000399: Using default transaction strategy (direct JDBC transactions) 
2015-12-11 08:46:12 [main] [INFO] o.h.h.i.a.ASTQueryTranslatorFactory - HHH000397: Using ASTQueryTranslatorFactory 
2015-12-11 08:46:12 [main] [INFO] o.h.cache.spi.UpdateTimestampsCache - HHH000250: Starting update timestamps cache at region: org.hibernate.cache.spi.UpdateTimestampsCache 
2015-12-11 08:46:12 [main] [INFO] o.h.c.internal.StandardQueryCache - HHH000248: Starting query cache at region: org.hibernate.cache.internal.StandardQueryCache 
2015-12-11 08:46:12 [main] [INFO] o.s.w.s.m.m.a.RequestMappingHandlerMapping - Mapped "{[/person/add],methods=[GET]}" onto public java.lang.String ecp.spring.web.PersonController.addPersonGet(org.springframework.ui.ModelMap) 
2015-12-11 08:46:12 [main] [INFO] o.s.w.s.m.m.a.RequestMappingHandlerMapping - Mapped "{[/person/add],methods=[POST]}" onto public java.lang.String ecp.spring.web.PersonController.addPersonPost(org.springframework.ui.ModelMap,ecp.spring.model.Person,org.springframework.validation.BindingResult,java.lang.String[],java.lang.String[],java.lang.String[]) 
2015-12-11 08:46:12 [main] [INFO] o.s.w.s.m.m.a.RequestMappingHandlerMapping - Mapped "{[/],methods=[GET]}" onto public java.lang.String ecp.spring.web.PersonController.showIndex(org.springframework.ui.ModelMap) 
2015-12-11 08:46:12 [main] [INFO] o.s.w.s.m.m.a.RequestMappingHandlerMapping - Mapped "{[/],produces=[application/json]}" onto public java.util.List ecp.spring.web.PersonController.personlist(java.lang.Integer,java.lang.Integer,java.lang.String) 
2015-12-11 08:46:12 [main] [INFO] o.s.w.s.m.m.a.RequestMappingHandlerMapping - Mapped "{[/person/{id}],methods=[GET]}" onto public ecp.spring.model.Person ecp.spring.web.PersonController.getPersonJSON(int) 
2015-12-11 08:46:12 [main] [INFO] o.s.w.s.m.m.a.RequestMappingHandlerMapping - Mapped "{[/person/edit/{id}],methods=[GET]}" onto public java.lang.String ecp.spring.web.PersonController.editPersonGet(org.springframework.ui.ModelMap,int) 
2015-12-11 08:46:12 [main] [INFO] o.s.w.s.m.m.a.RequestMappingHandlerMapping - Mapped "{[/person/edit/{id}],methods=[POST]}" onto public java.lang.String ecp.spring.web.PersonController.editPersonPost(org.springframework.ui.ModelMap,ecp.spring.model.Person,org.springframework.validation.BindingResult,java.lang.String[],java.lang.String[],java.lang.String[]) 
2015-12-11 08:46:12 [main] [INFO] o.s.w.s.m.m.a.RequestMappingHandlerMapping - Mapped "{[/],methods=[POST]}" onto public java.lang.String ecp.spring.web.PersonController.deletePerson(int) 
2015-12-11 08:46:12 [main] [INFO] o.s.w.s.m.m.a.RequestMappingHandlerMapping - Mapped "{[/person/upload],methods=[GET]}" onto public java.lang.String ecp.spring.web.PersonController.uploadFileGet() 
2015-12-11 08:46:12 [main] [INFO] o.s.w.s.m.m.a.RequestMappingHandlerMapping - Mapped "{[/person/upload],methods=[POST]}" onto public java.lang.String ecp.spring.web.PersonController.uploadFilePost(org.springframework.ui.ModelMap,org.springframework.web.multipart.MultipartFile) 
2015-12-11 08:46:12 [main] [INFO] o.s.w.s.m.m.a.RequestMappingHandlerMapping - Mapped "{[/role/add],methods=[GET]}" onto public java.lang.String ecp.spring.web.RoleController.addRoleGet(org.springframework.ui.ModelMap) 
2015-12-11 08:46:12 [main] [INFO] o.s.w.s.m.m.a.RequestMappingHandlerMapping - Mapped "{[/role/add],methods=[POST]}" onto public java.lang.String ecp.spring.web.RoleController.addRolePost(ecp.spring.model.Role) 
2015-12-11 08:46:12 [main] [INFO] o.s.w.s.m.m.a.RequestMappingHandlerMapping - Mapped "{[/role],methods=[POST]}" onto public java.lang.String ecp.spring.web.RoleController.deleteRole(java.lang.Integer) 
2015-12-11 08:46:12 [main] [INFO] o.s.w.s.m.m.a.RequestMappingHandlerMapping - Mapped "{[/role/edit/{id}],methods=[GET]}" onto public java.lang.String ecp.spring.web.RoleController.editRoleGet(org.springframework.ui.Model,int) 
2015-12-11 08:46:12 [main] [INFO] o.s.w.s.m.m.a.RequestMappingHandlerMapping - Mapped "{[/role/edit/{id}],methods=[POST]}" onto public java.lang.String ecp.spring.web.RoleController.editRolePost(org.springframework.ui.Model,ecp.spring.model.Role) 
2015-12-11 08:46:12 [main] [INFO] o.s.w.s.m.m.a.RequestMappingHandlerMapping - Mapped "{[/role]}" onto public java.lang.String ecp.spring.web.RoleController.roleIndex(org.springframework.ui.Model) 
2015-12-11 08:46:12 [main] [INFO] o.s.w.s.m.m.a.RequestMappingHandlerMapping - Mapped "{[/role],produces=[application/json]}" onto public java.util.List ecp.spring.web.RoleController.roleListSort(java.lang.Integer,java.lang.String) 
2015-12-11 08:46:12 [main] [INFO] o.s.w.s.m.m.a.RequestMappingHandlerAdapter - Looking for @ControllerAdvice: WebApplicationContext for namespace 'spring-servlet': startup date [Fri Dec 11 08:46:11 PHT 2015]; parent: Root WebApplicationContext 
2015-12-11 08:46:12 [main] [INFO] o.s.w.s.m.m.a.RequestMappingHandlerAdapter - Looking for @ControllerAdvice: WebApplicationContext for namespace 'spring-servlet': startup date [Fri Dec 11 08:46:11 PHT 2015]; parent: Root WebApplicationContext 
2015-12-11 08:46:13 [main] [INFO] o.s.o.h.HibernateTransactionManager - Using DataSource [org.apache.commons.dbcp.BasicDataSource@108467b] of Hibernate SessionFactory for HibernateTransactionManager 
2015-12-11 08:46:13 [main] [INFO] o.s.w.s.h.SimpleUrlHandlerMapping - Mapped URL path [/resources/**] onto handler 'org.springframework.web.servlet.resource.ResourceHttpRequestHandler#0' 
2015-12-11 08:46:13 [main] [INFO] o.s.web.servlet.DispatcherServlet - FrameworkServlet 'spring': initialization completed in 1628 ms 
2015-12-11 08:46:53 [Thread-1] [INFO] o.s.w.c.s.XmlWebApplicationContext - Closing WebApplicationContext for namespace 'spring-servlet': startup date [Fri Dec 11 08:46:11 PHT 2015]; parent: Root WebApplicationContext 
2015-12-11 08:46:53 [Thread-1] [INFO] o.s.w.c.s.XmlWebApplicationContext - Closing Root WebApplicationContext: startup date [Fri Dec 11 08:46:03 PHT 2015]; root of context hierarchy 
